{"/Users/maodou/MyGitHub/unit-test/src/util.js":{"path":"/Users/maodou/MyGitHub/unit-test/src/util.js","s":{"1":1,"2":1,"3":1,"4":1,"5":3,"6":1,"7":4,"8":2,"9":1,"10":1},"b":{"1":[1,1]},"f":{"1":1},"fnMap":{"1":{"name":"main","line":1,"loc":{"start":{"line":1,"column":0},"end":{"line":1,"column":20}}}},"statementMap":{"1":{"start":{"line":1,"column":0},"end":{"line":3,"column":1}},"2":{"start":{"line":2,"column":4},"end":{"line":2,"column":17}},"3":{"start":{"line":5,"column":0},"end":{"line":19,"column":2}},"4":{"start":{"line":7,"column":8},"end":{"line":7,"column":48}},"5":{"start":{"line":7,"column":38},"end":{"line":7,"column":43}},"6":{"start":{"line":10,"column":8},"end":{"line":10,"column":48}},"7":{"start":{"line":10,"column":38},"end":{"line":10,"column":43}},"8":{"start":{"line":13,"column":8},"end":{"line":17,"column":9}},"9":{"start":{"line":14,"column":12},"end":{"line":14,"column":25}},"10":{"start":{"line":16,"column":12},"end":{"line":16,"column":30}}},"branchMap":{"1":{"line":13,"type":"if","locations":[{"start":{"line":13,"column":8},"end":{"line":13,"column":8}},{"start":{"line":13,"column":8},"end":{"line":13,"column":8}}]}}}}